<?xml version="1.0" encoding="UTF-8"?>
<testsuite xmlns:xsi="http://www.w3.org/2001/XMLSchema-instance" xsi:noNamespaceSchemaLocation="https://maven.apache.org/surefire/maven-surefire-plugin/xsd/surefire-test-report-3.0.xsd" version="3.0" name="bddtest.testrunner.TestRunner" time="119.234" tests="41" errors="7" skipped="0" failures="0">
  <properties>
[...]
</properties>
  <testcase name=": Search a product and add the first result/product to the User basket" classname="Add to Cart" time="0.147">
    <error message="The step &apos;User search for a product &quot;Lenovo Laptop&quot;&apos; and 3 other step(s) are undefined.&#10;You can implement these steps using the snippet(s) below:&#10;&#10;@Given(&quot;User search for a product {string}&quot;)&#10;public void user_search_for_a_product(String string) {&#10;    // Write code here that turns the phrase above into concrete actions&#10;    throw new io.cucumber.java.PendingException();&#10;}&#10;@When(&quot;Add the first laptop that apears in the search results to the basket&quot;)&#10;public void add_the_first_laptop_that_apears_in_the_search_results_to_the_basket() {&#10;    // Write code here that turns the phrase above into concrete actions&#10;    throw new io.cucumber.java.PendingException();&#10;}&#10;@When(&quot;User clicks on {string} link&quot;)&#10;public void user_clicks_on_link(String string) {&#10;    // Write code here that turns the phrase above into concrete actions&#10;    throw new io.cucumber.java.PendingException();&#10;}&#10;@Then(&quot;User basket should display added {int} items&quot;)&#10;public void user_basket_should_display_added_items(Integer int1) {&#10;    // Write code here that turns the phrase above into concrete actions&#10;    throw new io.cucumber.java.PendingException();&#10;}&#10;" type="io.cucumber.junit.UndefinedStepException"><![CDATA[io.cucumber.junit.UndefinedStepException: 
The step 'User search for a product "Lenovo Laptop"' and 3 other step(s) are undefined.
You can implement these steps using the snippet(s) below:

@Given("User search for a product {string}")
public void user_search_for_a_product(String string) {
    // Write code here that turns the phrase above into concrete actions
    throw new io.cucumber.java.PendingException();
}
@When("Add the first laptop that apears in the search results to the basket")
public void add_the_first_laptop_that_apears_in_the_search_results_to_the_basket() {
    // Write code here that turns the phrase above into concrete actions
    throw new io.cucumber.java.PendingException();
}
@When("User clicks on {string} link")
public void user_clicks_on_link(String string) {
    // Write code here that turns the phrase above into concrete actions
    throw new io.cucumber.java.PendingException();
}
@Then("User basket should display added {int} items")
public void user_basket_should_display_added_items(Integer int1) {
    // Write code here that turns the phrase above into concrete actions
    throw new io.cucumber.java.PendingException();
}

]]></error>
    <system-out><![CDATA[-- This will run before the Scenario --
-- Before step --
-- After step --
-- This will run after the Scenario --
]]></system-out>
  </testcase>
  <testcase name="Amazon Homepage title verification" classname="Amazon Homepage Test" time="3.398">
    <system-out><![CDATA[-- This will run before the Scenario --
-- Before step --
-- After step --
-- Before step --
-- After step --
-- Before step --
-- After step --
-- This will run after the Scenario --
]]></system-out>
    <system-err><![CDATA[Jan 02, 2024 4:12:32 PM org.openqa.selenium.devtools.CdpVersionFinder findNearestMatch
WARNING: Unable to find an exact match for CDP version 120, returning the closest version; found: 119; Please update to a Selenium version that supports CDP version 120
]]></system-err>
  </testcase>
  <testcase name="Should not be Amazon Homepage" classname="Amazon Homepage Test" time="4.6">
    <system-out><![CDATA[-- This will run before the Scenario --
-- Before step --
-- After step --
-- Before step --
-- After step --
-- Before step --
-- After step --
-- This will run after the Scenario --
]]></system-out>
    <system-err><![CDATA[Jan 02, 2024 4:12:34 PM org.openqa.selenium.devtools.CdpVersionFinder findNearestMatch
WARNING: Unable to find an exact match for CDP version 120, returning the closest version; found: 119; Please update to a Selenium version that supports CDP version 120
]]></system-err>
  </testcase>
  <testcase name="Verification of search feature button with numbers of products" classname="Search products on Amazon #1" time="56.211">
    <system-out><![CDATA[-- This will run before the Scenario --
-- Before step --
-- After step --
-- Before step --
>>>>>>>>>>>>[{name=Iphone 15 pro max, title=Amazon.in : Iphone 15 pro max}, {name=Apple Mac book, title=Amazon.in : Apple Mac book}]
-- After step --
-- Before step --
-- After step --
-- Before step --
-- After step --
-- This will run after the Scenario --
]]></system-out>
    <system-err><![CDATA[Jan 02, 2024 4:12:39 PM org.openqa.selenium.devtools.CdpVersionFinder findNearestMatch
WARNING: Unable to find an exact match for CDP version 120, returning the closest version; found: 119; Please update to a Selenium version that supports CDP version 120
]]></system-err>
  </testcase>
  <testcase name="Search feature Test with multiple of products #1" classname="Search products on Amazon #2" time="11.749">
    <system-out><![CDATA[-- This will run before the Scenario --
-- Before step --
-- After step --
-- Before step --
-- After step --
-- Before step --
-- After step --
-- Before step --
-- After step --
-- This will run after the Scenario --
]]></system-out>
    <system-err><![CDATA[Jan 02, 2024 4:13:35 PM org.openqa.selenium.devtools.CdpVersionFinder findNearestMatch
WARNING: Unable to find an exact match for CDP version 120, returning the closest version; found: 119; Please update to a Selenium version that supports CDP version 120
]]></system-err>
  </testcase>
  <testcase name="Search feature Test with multiple of products #2" classname="Search products on Amazon #2" time="10.835">
    <system-out><![CDATA[-- This will run before the Scenario --
-- Before step --
-- After step --
-- Before step --
-- After step --
-- Before step --
-- After step --
-- Before step --
-- After step --
-- This will run after the Scenario --
]]></system-out>
    <system-err><![CDATA[Jan 02, 2024 4:13:47 PM org.openqa.selenium.devtools.CdpVersionFinder findNearestMatch
WARNING: Unable to find an exact match for CDP version 120, returning the closest version; found: 119; Please update to a Selenium version that supports CDP version 120
]]></system-err>
  </testcase>
  <testcase name="Unsuccessful Verification of Login functionality" classname="Facebook Login Verification #1" time="0.017">
    <error message="Cannot invoke &quot;org.openqa.selenium.WebDriver.get(String)&quot; because &quot;this.driver&quot; is null" type="java.lang.NullPointerException"><![CDATA[java.lang.NullPointerException: Cannot invoke "org.openqa.selenium.WebDriver.get(String)" because "this.driver" is null
	at bddtest.stepdefinitions.FacebookLoginSteps.i_should_be_on_the_facebook_login_page(FacebookLoginSteps.java:39)
	at ✽.I should be on the facebook login page(file:///C:/Users/PC/eclipse-workspace/phase2-bdd-cucumber-maven-test-27-12-2023/src/test/resources/Features/facebook-login.feature:6)
]]></error>
    <system-out><![CDATA[-- This will run before the Scenario --
-- Before step --
-- After step --
-- This will run after the Scenario --
]]></system-out>
  </testcase>
  <testcase name="Unsuccessful Verification of Login functionality #1" classname="Facebook Login Verification #2" time="6.374">
    <system-out><![CDATA[-- This will run before the Scenario --
-- Before step --
-- After step --
-- Before step --
-- After step --
-- Before step --
-- After step --
-- Before step --
-- After step --
-- Before step --
This step: error message displayed with wrong Credentials
-- After step --
-- Before step --
-- After step --
-- This will run after the Scenario --
]]></system-out>
    <system-err><![CDATA[Jan 02, 2024 4:13:57 PM org.openqa.selenium.devtools.CdpVersionFinder findNearestMatch
WARNING: Unable to find an exact match for CDP version 120, returning the closest version; found: 119; Please update to a Selenium version that supports CDP version 120
]]></system-err>
  </testcase>
  <testcase name="Unsuccessful Verification of Login functionality #2" classname="Facebook Login Verification #2" time="7.082">
    <system-out><![CDATA[-- This will run before the Scenario --
-- Before step --
-- After step --
-- Before step --
-- After step --
-- Before step --
-- After step --
-- Before step --
-- After step --
-- Before step --
This step: error message displayed with wrong Credentials
-- After step --
-- Before step --
-- After step --
-- This will run after the Scenario --
]]></system-out>
    <system-err><![CDATA[Jan 02, 2024 4:14:04 PM org.openqa.selenium.devtools.CdpVersionFinder findNearestMatch
WARNING: Unable to find an exact match for CDP version 120, returning the closest version; found: 119; Please update to a Selenium version that supports CDP version 120
]]></system-err>
  </testcase>
  <testcase name="Unsuccessful Verification of Login functionality #3" classname="Facebook Login Verification #2" time="6.136">
    <system-out><![CDATA[-- This will run before the Scenario --
-- Before step --
-- After step --
-- Before step --
-- After step --
-- Before step --
-- After step --
-- Before step --
-- After step --
-- Before step --
This step: error message displayed with wrong Credentials
-- After step --
-- Before step --
-- After step --
-- This will run after the Scenario --
]]></system-out>
    <system-err><![CDATA[Jan 02, 2024 4:14:11 PM org.openqa.selenium.devtools.CdpVersionFinder findNearestMatch
WARNING: Unable to find an exact match for CDP version 120, returning the closest version; found: 119; Please update to a Selenium version that supports CDP version 120
]]></system-err>
  </testcase>
  <testcase name="Title of your 1st scenario" classname="Title of your feature" time="0.011">
    <system-out><![CDATA[-- Before Tag1 Scenario --
-- Before Tag11 Scenario --
-- This will run before the Scenario --
-- Before step --
Steps : 1
-- After step --
-- Before step --
Steps : 2
-- After step --
-- Before step --
Steps : 3
-- After step --
-- Before step --
Steps : 4
-- After step --
-- Before step --
Steps : 5
-- After step --
-- This will run after the Scenario --
-- After Tag1 Scenario --
]]></system-out>
  </testcase>
  <testcase name="Title of your 2nd scenario" classname="Title of your feature" time="0.008">
    <system-out><![CDATA[-- Before Tag 2 or 3 Scenario --
-- This will run before the Scenario --
-- Before step --
Steps : 1
-- After step --
-- Before step --
Steps : 2
-- After step --
-- Before step --
Steps : 3
-- After step --
-- Before step --
Steps : 4
-- After step --
-- Before step --
Steps : 5
-- After step --
-- This will run after the Scenario --
-- After Tag 2 or 3 Scenario --
]]></system-out>
  </testcase>
  <testcase name="Title of your 3nd scenario" classname="Title of your feature" time="0.011">
    <system-out><![CDATA[-- Before Tag 2 or 3 Scenario --
-- This will run before the Scenario --
-- Before step --
Steps : 1
-- After step --
-- Before step --
Steps : 2
-- After step --
-- Before step --
Steps : 3
-- After step --
-- Before step --
Steps : 4
-- After step --
-- Before step --
Steps : 5
-- After step --
-- This will run after the Scenario --
-- After Tag 2 or 3 Scenario --
]]></system-out>
  </testcase>
  <testcase name="Title of your scenario outline #1" classname="Test Hooks with Senario Outline" time="0.008">
    <system-out><![CDATA[-- This will run before the Scenario --
-- Before step --
Steps : 1
-- After step --
-- Before step --
Steps : 2
-- After step --
-- Before step --
Steps : 3
-- After step --
-- Before step --
Steps : 4
-- After step --
-- Before step --
Steps : 5
-- After step --
-- This will run after the Scenario --
]]></system-out>
  </testcase>
  <testcase name="Title of your scenario outline #2" classname="Test Hooks with Senario Outline" time="0.01">
    <system-out><![CDATA[-- This will run before the Scenario --
-- Before step --
Steps : 1
-- After step --
-- Before step --
Steps : 2
-- After step --
-- Before step --
Steps : 3
-- After step --
-- Before step --
Steps : 4
-- After step --
-- Before step --
Steps : 5
-- After step --
-- This will run after the Scenario --
]]></system-out>
  </testcase>
  <testcase name="Title of your scenario outline #3" classname="Test Hooks with Senario Outline" time="0.009">
    <system-out><![CDATA[-- This will run before the Scenario --
-- Before step --
Steps : 1
-- After step --
-- Before step --
Steps : 2
-- After step --
-- Before step --
Steps : 3
-- After step --
-- Before step --
Steps : 4
-- After step --
-- Before step --
Steps : 5
-- After step --
-- This will run after the Scenario --
]]></system-out>
  </testcase>
  <testcase name="Successfull Verification of Login functionality" classname="Login" time="0.009">
    <system-out><![CDATA[-- This will run before the Scenario --
-- Before step --
This step : user should be on the login page.
-- After step --
-- Before step --
This step : user enters email adress.
-- After step --
-- Before step --
This step : user clicks login button
-- After step --
-- Before step --
This step : user should navigate to My Account
-- After step --
-- This will run after the Scenario --
]]></system-out>
  </testcase>
  <testcase name="Valid Credentials for login" classname="Login" time="0.011">
    <system-out><![CDATA[-- This will run before the Scenario --
-- Before step --
This step : User want to enter valid ceredntials
-- After step --
-- Before step --
This step : user check for email and password fields
-- After step --
-- Before step --
This step : user enters following details
-- After step --
-- Before step --
This step : user clicks login button
-- After step --
-- This will run after the Scenario --
]]></system-out>
  </testcase>
  <testcase name="Unsuccessful Verification of Login functionality" classname="Login" time="0.009">
    <system-out><![CDATA[-- This will run before the Scenario --
-- Before step --
This step : user should be on the login page.
-- After step --
-- Before step --
This step : user enters email adress.
-- After step --
-- Before step --
user enters password
-- After step --
-- Before step --
This step : user clicks login button
-- After step --
-- Before step --
This step: error message displayed with wrong Credentials
-- After step --
-- Before step --
This step : user returns back on the login page
-- After step --
-- This will run after the Scenario --
]]></system-out>
  </testcase>
  <testcase name="Create a New User" classname="Registration" time="0.024">
    <error message="The step &apos;user on the homepage&apos; and 8 other step(s) are undefined.&#10;You can implement these steps using the snippet(s) below:&#10;&#10;@Given(&quot;user on the homepage&quot;)&#10;public void user_on_the_homepage() {&#10;    // Write code here that turns the phrase above into concrete actions&#10;    throw new io.cucumber.java.PendingException();&#10;}&#10;@Given(&quot;user follow {string} button&quot;)&#10;public void user_follow_button(String string) {&#10;    // Write code here that turns the phrase above into concrete actions&#10;    throw new io.cucumber.java.PendingException();&#10;}&#10;@Given(&quot;user should be on the registation page&quot;)&#10;public void user_should_be_on_the_registation_page() {&#10;    // Write code here that turns the phrase above into concrete actions&#10;    throw new io.cucumber.java.PendingException();&#10;}&#10;@When(&quot;user fills  registration {string} with {string}&quot;)&#10;public void user_fills_registration_with(String string, String string2) {&#10;    // Write code here that turns the phrase above into concrete actions&#10;    throw new io.cucumber.java.PendingException();&#10;}&#10;@When(&quot;user fills registration {string} with {string}&quot;)&#10;public void user_fills_registration_with(String string, String string2) {&#10;    // Write code here that turns the phrase above into concrete actions&#10;    throw new io.cucumber.java.PendingException();&#10;}&#10;@When(&quot;user clicks {string} button&quot;)&#10;public void user_clicks_button(String string) {&#10;    // Write code here that turns the phrase above into concrete actions&#10;    throw new io.cucumber.java.PendingException();&#10;}&#10;@Then(&quot;User is created Successfully&quot;)&#10;public void user_is_created_successfully() {&#10;    // Write code here that turns the phrase above into concrete actions&#10;    throw new io.cucumber.java.PendingException();&#10;}&#10;@Then(&quot;user return back on registration page&quot;)&#10;public void user_return_back_on_registration_page() {&#10;    // Write code here that turns the phrase above into concrete actions&#10;    throw new io.cucumber.java.PendingException();&#10;}&#10;" type="io.cucumber.junit.UndefinedStepException"><![CDATA[io.cucumber.junit.UndefinedStepException: 
The step 'user on the homepage' and 8 other step(s) are undefined.
You can implement these steps using the snippet(s) below:

@Given("user on the homepage")
public void user_on_the_homepage() {
    // Write code here that turns the phrase above into concrete actions
    throw new io.cucumber.java.PendingException();
}
@Given("user follow {string} button")
public void user_follow_button(String string) {
    // Write code here that turns the phrase above into concrete actions
    throw new io.cucumber.java.PendingException();
}
@Given("user should be on the registation page")
public void user_should_be_on_the_registation_page() {
    // Write code here that turns the phrase above into concrete actions
    throw new io.cucumber.java.PendingException();
}
@When("user fills  registration {string} with {string}")
public void user_fills_registration_with(String string, String string2) {
    // Write code here that turns the phrase above into concrete actions
    throw new io.cucumber.java.PendingException();
}
@When("user fills registration {string} with {string}")
public void user_fills_registration_with(String string, String string2) {
    // Write code here that turns the phrase above into concrete actions
    throw new io.cucumber.java.PendingException();
}
@When("user clicks {string} button")
public void user_clicks_button(String string) {
    // Write code here that turns the phrase above into concrete actions
    throw new io.cucumber.java.PendingException();
}
@Then("User is created Successfully")
public void user_is_created_successfully() {
    // Write code here that turns the phrase above into concrete actions
    throw new io.cucumber.java.PendingException();
}
@Then("user return back on registration page")
public void user_return_back_on_registration_page() {
    // Write code here that turns the phrase above into concrete actions
    throw new io.cucumber.java.PendingException();
}

]]></error>
    <system-out><![CDATA[-- This will run before the Scenario --
-- Before step --
-- After step --
-- This will run after the Scenario --
]]></system-out>
  </testcase>
  <testcase name="User does not follow form validation" classname="Registration" time="0.017">
    <error message="The step &apos;user on the homepage&apos; and 5 other step(s) are undefined.&#10;You can implement these steps using the snippet(s) below:&#10;&#10;@Given(&quot;user on the homepage&quot;)&#10;public void user_on_the_homepage() {&#10;    // Write code here that turns the phrase above into concrete actions&#10;    throw new io.cucumber.java.PendingException();&#10;}&#10;@Given(&quot;user follow {string} button&quot;)&#10;public void user_follow_button(String string) {&#10;    // Write code here that turns the phrase above into concrete actions&#10;    throw new io.cucumber.java.PendingException();&#10;}&#10;@Given(&quot;user should be on the registation page&quot;)&#10;public void user_should_be_on_the_registation_page() {&#10;    // Write code here that turns the phrase above into concrete actions&#10;    throw new io.cucumber.java.PendingException();&#10;}&#10;@When(&quot;user enters wrong characters&quot;)&#10;public void user_enters_wrong_characters() {&#10;    // Write code here that turns the phrase above into concrete actions&#10;    throw new io.cucumber.java.PendingException();&#10;}&#10;@Then(&quot;error message displayed with invalid password&quot;)&#10;public void error_message_displayed_with_invalid_password() {&#10;    // Write code here that turns the phrase above into concrete actions&#10;    throw new io.cucumber.java.PendingException();&#10;}&#10;@Then(&quot;user return back on registration page&quot;)&#10;public void user_return_back_on_registration_page() {&#10;    // Write code here that turns the phrase above into concrete actions&#10;    throw new io.cucumber.java.PendingException();&#10;}&#10;" type="io.cucumber.junit.UndefinedStepException"><![CDATA[io.cucumber.junit.UndefinedStepException: 
The step 'user on the homepage' and 5 other step(s) are undefined.
You can implement these steps using the snippet(s) below:

@Given("user on the homepage")
public void user_on_the_homepage() {
    // Write code here that turns the phrase above into concrete actions
    throw new io.cucumber.java.PendingException();
}
@Given("user follow {string} button")
public void user_follow_button(String string) {
    // Write code here that turns the phrase above into concrete actions
    throw new io.cucumber.java.PendingException();
}
@Given("user should be on the registation page")
public void user_should_be_on_the_registation_page() {
    // Write code here that turns the phrase above into concrete actions
    throw new io.cucumber.java.PendingException();
}
@When("user enters wrong characters")
public void user_enters_wrong_characters() {
    // Write code here that turns the phrase above into concrete actions
    throw new io.cucumber.java.PendingException();
}
@Then("error message displayed with invalid password")
public void error_message_displayed_with_invalid_password() {
    // Write code here that turns the phrase above into concrete actions
    throw new io.cucumber.java.PendingException();
}
@Then("user return back on registration page")
public void user_return_back_on_registration_page() {
    // Write code here that turns the phrase above into concrete actions
    throw new io.cucumber.java.PendingException();
}

]]></error>
    <system-out><![CDATA[-- This will run before the Scenario --
-- Before step --
-- After step --
-- This will run after the Scenario --
]]></system-out>
  </testcase>
  <testcase name="Verification of reset button with numbers of credential" classname="Reset Login Form" time="9.68">
    <system-out><![CDATA[-- This will run before the Scenario --
-- Before step --
-- After step --
-- Before step --
-- After step --
-- Before step --
Credentials Entered
-- After step --
-- Before step --
-- After step --
-- This will run after the Scenario --
]]></system-out>
    <system-err><![CDATA[Jan 02, 2024 4:14:17 PM org.openqa.selenium.devtools.CdpVersionFinder findNearestMatch
WARNING: Unable to find an exact match for CDP version 120, returning the closest version; found: 119; Please update to a Selenium version that supports CDP version 120
]]></system-err>
  </testcase>
  <testcase name="Successfull Reset Password erification" classname="Reset Password" time="0.02">
    <error message="The step &apos;user should be on the logged In&apos; and 4 other step(s) are undefined.&#10;You can implement these steps using the snippet(s) below:&#10;&#10;@Given(&quot;user should be on the logged In&quot;)&#10;public void user_should_be_on_the_logged_in() {&#10;    // Write code here that turns the phrase above into concrete actions&#10;    throw new io.cucumber.java.PendingException();&#10;}&#10;@Given(&quot;user navigate to reset password page {string}&quot;)&#10;public void user_navigate_to_reset_password_page(String string) {&#10;    // Write code here that turns the phrase above into concrete actions&#10;    throw new io.cucumber.java.PendingException();&#10;}&#10;@Given(&quot;user clicks {string} button&quot;)&#10;public void user_clicks_button(String string) {&#10;    // Write code here that turns the phrase above into concrete actions&#10;    throw new io.cucumber.java.PendingException();&#10;}&#10;@When(&quot;user ask to reset my password&quot;)&#10;public void user_ask_to_reset_my_password() {&#10;    // Write code here that turns the phrase above into concrete actions&#10;    throw new io.cucumber.java.PendingException();&#10;}&#10;@Then(&quot;user should review an email with:&quot;)&#10;public void user_should_review_an_email_with(String docString) {&#10;    // Write code here that turns the phrase above into concrete actions&#10;    throw new io.cucumber.java.PendingException();&#10;}&#10;" type="io.cucumber.junit.UndefinedStepException"><![CDATA[io.cucumber.junit.UndefinedStepException: 
The step 'user should be on the logged In' and 4 other step(s) are undefined.
You can implement these steps using the snippet(s) below:

@Given("user should be on the logged In")
public void user_should_be_on_the_logged_in() {
    // Write code here that turns the phrase above into concrete actions
    throw new io.cucumber.java.PendingException();
}
@Given("user navigate to reset password page {string}")
public void user_navigate_to_reset_password_page(String string) {
    // Write code here that turns the phrase above into concrete actions
    throw new io.cucumber.java.PendingException();
}
@Given("user clicks {string} button")
public void user_clicks_button(String string) {
    // Write code here that turns the phrase above into concrete actions
    throw new io.cucumber.java.PendingException();
}
@When("user ask to reset my password")
public void user_ask_to_reset_my_password() {
    // Write code here that turns the phrase above into concrete actions
    throw new io.cucumber.java.PendingException();
}
@Then("user should review an email with:")
public void user_should_review_an_email_with(String docString) {
    // Write code here that turns the phrase above into concrete actions
    throw new io.cucumber.java.PendingException();
}

]]></error>
    <system-out><![CDATA[-- This will run before the Scenario --
-- Before step --
-- After step --
-- This will run after the Scenario --
]]></system-out>
  </testcase>
  <testcase name="Valid Credentials for login" classname="Reset Password" time="0.013">
    <error message="The step &apos;user check for &quot;email&quot; and &quot;password&quot; fields&apos; and 1 other step(s) are undefined.&#10;You can implement these steps using the snippet(s) below:&#10;&#10;@When(&quot;user check for {string} and {string} fields&quot;)&#10;public void user_check_for_and_fields(String string, String string2) {&#10;    // Write code here that turns the phrase above into concrete actions&#10;    throw new io.cucumber.java.PendingException();&#10;}&#10;@When(&quot;user clicks {string} button&quot;)&#10;public void user_clicks_button(String string) {&#10;    // Write code here that turns the phrase above into concrete actions&#10;    throw new io.cucumber.java.PendingException();&#10;}&#10;" type="io.cucumber.junit.UndefinedStepException"><![CDATA[io.cucumber.junit.UndefinedStepException: 
The step 'user check for "email" and "password" fields' and 1 other step(s) are undefined.
You can implement these steps using the snippet(s) below:

@When("user check for {string} and {string} fields")
public void user_check_for_and_fields(String string, String string2) {
    // Write code here that turns the phrase above into concrete actions
    throw new io.cucumber.java.PendingException();
}
@When("user clicks {string} button")
public void user_clicks_button(String string) {
    // Write code here that turns the phrase above into concrete actions
    throw new io.cucumber.java.PendingException();
}

]]></error>
    <system-out><![CDATA[-- This will run before the Scenario --
-- Before step --
This step : User want to enter valid ceredntials
-- After step --
-- Before step --
-- After step --
-- This will run after the Scenario --
]]></system-out>
  </testcase>
  <testcase name="Unsuccessful Verification of Login functionality" classname="Reset Password" time="0.015">
    <error message="The step &apos;user clicks &quot;login in&quot; button&apos; is undefined.&#10;You can implement this step using the snippet(s) below:&#10;&#10;@Given(&quot;user clicks {string} button&quot;)&#10;public void user_clicks_button(String string) {&#10;    // Write code here that turns the phrase above into concrete actions&#10;    throw new io.cucumber.java.PendingException();&#10;}&#10;" type="io.cucumber.junit.UndefinedStepException"><![CDATA[io.cucumber.junit.UndefinedStepException: 
The step 'user clicks "login in" button' is undefined.
You can implement this step using the snippet(s) below:

@Given("user clicks {string} button")
public void user_clicks_button(String string) {
    // Write code here that turns the phrase above into concrete actions
    throw new io.cucumber.java.PendingException();
}

]]></error>
    <system-out><![CDATA[-- This will run before the Scenario --
-- Before step --
This step : user should be on the login page.
-- After step --
-- Before step --
This step : user enters email adress.
-- After step --
-- Before step --
user enters password
-- After step --
-- Before step --
-- After step --
-- This will run after the Scenario --
]]></system-out>
  </testcase>
  <testcase name="Successfull Login Verification" classname="Login Feature" time="1.744">
    <system-out><![CDATA[-- This will run before the Scenario --
-- Before step --
-- After step --
-- Before step --
-- After step --
-- Before step --
-- After step --
-- Before step --
-- After step --
-- Before step --
-- After step --
-- This will run after the Scenario --
]]></system-out>
    <system-err><![CDATA[Jan 02, 2024 4:14:27 PM org.openqa.selenium.devtools.CdpVersionFinder findNearestMatch
WARNING: Unable to find an exact match for CDP version 120, returning the closest version; found: 119; Please update to a Selenium version that supports CDP version 120
]]></system-err>
  </testcase>
  <testcase name="Successful Login" classname="Ecommerce Web Application" time="0.006">
    <system-out><![CDATA[-- This will run before the Scenario --
-- Before step --
-- Test logic --
-- After step --
-- This will run after the Scenario --
]]></system-out>
  </testcase>
  <testcase name="UnSuccessful Login" classname="Ecommerce Web Application" time="0.007">
    <system-out><![CDATA[-- This will run before the Scenario --
-- Before step --
-- Test logic --
-- After step --
-- This will run after the Scenario --
]]></system-out>
  </testcase>
  <testcase name="Add a product to bag" classname="Ecommerce Web Application" time="0.005">
    <system-out><![CDATA[-- This will run before the Scenario --
-- Before step --
-- Test logic --
-- After step --
-- This will run after the Scenario --
]]></system-out>
  </testcase>
  <testcase name="Add multiple product to bag" classname="Ecommerce Web Application" time="0.005">
    <system-out><![CDATA[-- This will run before the Scenario --
-- Before step --
-- Test logic --
-- After step --
-- This will run after the Scenario --
]]></system-out>
  </testcase>
  <testcase name="Remove a product from bag" classname="Ecommerce Web Application" time="0.005">
    <system-out><![CDATA[-- This will run before the Scenario --
-- Before step --
-- Test logic --
-- After step --
-- This will run after the Scenario --
]]></system-out>
  </testcase>
  <testcase name="Remove all products from bag" classname="Ecommerce Web Application" time="0.007">
    <system-out><![CDATA[-- This will run before the Scenario --
-- Before step --
-- Test logic --
-- After step --
-- This will run after the Scenario --
]]></system-out>
  </testcase>
  <testcase name="product quantity from bag page" classname="Ecommerce Web Application" time="0.004">
    <system-out><![CDATA[-- This will run before the Scenario --
-- Before step --
-- Test logic --
-- After step --
-- This will run after the Scenario --
]]></system-out>
  </testcase>
  <testcase name="Decrease product quantity from bag page" classname="Ecommerce Web Application" time="0.01">
    <system-out><![CDATA[-- This will run before the Scenario --
-- Before step --
-- Test logic --
-- After step --
-- This will run after the Scenario --
]]></system-out>
  </testcase>
  <testcase name="Buy a product with cash payment" classname="Ecommerce Web Application" time="0.004">
    <system-out><![CDATA[-- This will run before the Scenario --
-- Before step --
-- Test logic --
-- After step --
-- This will run after the Scenario --
]]></system-out>
  </testcase>
  <testcase name="Buy a product with CC payment" classname="Ecommerce Web Application" time="0.005">
    <system-out><![CDATA[-- This will run before the Scenario --
-- Before step --
-- Test logic --
-- After step --
-- This will run after the Scenario --
]]></system-out>
  </testcase>
  <testcase name="Payment declined #1" classname="Ecommerce Web Application" time="0.004">
    <system-out><![CDATA[-- This will run before the Scenario --
-- Before step --
-- Test logic --
-- After step --
-- This will run after the Scenario --
]]></system-out>
  </testcase>
  <testcase name="Payment declined #2" classname="Ecommerce Web Application" time="0.004">
    <system-out><![CDATA[-- This will run before the Scenario --
-- Before step --
-- Test logic --
-- After step --
-- This will run after the Scenario --
]]></system-out>
  </testcase>
  <testcase name="Payment declined #3" classname="Ecommerce Web Application" time="0.011">
    <system-out><![CDATA[-- This will run before the Scenario --
-- Before step --
-- Test logic --
-- After step --
-- This will run after the Scenario --
]]></system-out>
  </testcase>
  <testcase name="Payment declined #4" classname="Ecommerce Web Application" time="0.002">
    <system-out><![CDATA[-- This will run before the Scenario --
-- Before step --
-- Test logic --
-- After step --
-- This will run after the Scenario --
]]></system-out>
  </testcase>
  <testcase name="Payment declined #5" classname="Ecommerce Web Application" time="0.004">
    <system-out><![CDATA[-- This will run before the Scenario --
-- Before step --
-- Test logic --
-- After step --
-- This will run after the Scenario --
]]></system-out>
  </testcase>
</testsuite>